D:\可视化\2022期末大作业\2022期末大作业\DEBUG\2022期末大作业.EXE.EMBED.MANIFEST
D:\可视化\2022期末大作业\2022期末大作业\DEBUG\2022期末大作业.EXE.EMBED.MANIFEST.RES
D:\可视化\2022期末大作业\2022期末大作业\Debug\2022期末大作业.exe.intermediate.manifest
D:\可视化\2022期末大作业\2022期末大作业\DEBUG\2022期末大作业.OBJ
D:\可视化\2022期末大作业\2022期末大作业\DEBUG\2022期末大作业.PCH
D:\可视化\2022期末大作业\2022期末大作业\DEBUG\2022期末大作业.RES
D:\可视化\2022期末大作业\2022期末大作业\Debug\2022期末大作业.vcxprojResolveAssemblyReference.cache
D:\可视化\2022期末大作业\2022期末大作业\Debug\2022期末大作业.write.1.tlog
D:\可视化\2022期末大作业\2022期末大作业\Debug\2022期末大作业_manifest.rc
D:\可视化\2022期末大作业\2022期末大作业\DEBUG\2022期末大作业DOC.OBJ
D:\可视化\2022期末大作业\2022期末大作业\DEBUG\2022期末大作业VIEW.OBJ
D:\可视化\2022期末大作业\2022期末大作业\Debug\cl.command.1.tlog
D:\可视化\2022期末大作业\2022期末大作业\Debug\CL.read.1.tlog
D:\可视化\2022期末大作业\2022期末大作业\Debug\CL.write.1.tlog
D:\可视化\2022期末大作业\2022期末大作业\Debug\link.18932.read.1.tlog
D:\可视化\2022期末大作业\2022期末大作业\Debug\link.18932.write.1.tlog
D:\可视化\2022期末大作业\2022期末大作业\Debug\link.18932-cvtres.read.1.tlog
D:\可视化\2022期末大作业\2022期末大作业\Debug\link.18932-cvtres.write.1.tlog
D:\可视化\2022期末大作业\2022期末大作业\Debug\link.2832.read.1.tlog
D:\可视化\2022期末大作业\2022期末大作业\Debug\link.2832.write.1.tlog
D:\可视化\2022期末大作业\2022期末大作业\Debug\link.2832-cvtres.read.1.tlog
D:\可视化\2022期末大作业\2022期末大作业\Debug\link.2832-cvtres.write.1.tlog
D:\可视化\2022期末大作业\2022期末大作业\Debug\link.command.1.tlog
D:\可视化\2022期末大作业\2022期末大作业\Debug\link.read.1.tlog
D:\可视化\2022期末大作业\2022期末大作业\Debug\link.write.1.tlog
D:\可视化\2022期末大作业\2022期末大作业\Debug\link-cvtres.read.1.tlog
D:\可视化\2022期末大作业\2022期末大作业\Debug\link-cvtres.write.1.tlog
D:\可视化\2022期末大作业\2022期末大作业\DEBUG\MAINFRM.OBJ
D:\可视化\2022期末大作业\2022期末大作业\Debug\mt.command.1.tlog
D:\可视化\2022期末大作业\2022期末大作业\Debug\mt.read.1.tlog
D:\可视化\2022期末大作业\2022期末大作业\Debug\mt.write.1.tlog
D:\可视化\2022期末大作业\2022期末大作业\DEBUG\MYDLG.OBJ
D:\可视化\2022期末大作业\2022期末大作业\Debug\rc.command.1.tlog
D:\可视化\2022期末大作业\2022期末大作业\Debug\rc.read.1.tlog
D:\可视化\2022期末大作业\2022期末大作业\Debug\rc.write.1.tlog
D:\可视化\2022期末大作业\2022期末大作业\DEBUG\STDAFX.OBJ
D:\可视化\2022期末大作业\2022期末大作业\Debug\vc100.idb
D:\可视化\2022期末大作业\2022期末大作业\DEBUG\VC100.PDB
D:\可视化\2022期末大作业\Debug\2022期末大作业.pdb
